page-ed412e48aa6b899d.js:1 Supabase Configuration: {hasUrl: true, hasKey: true, baseUrl: 'https://akgyjgexvmcxnkursrnd.supabase.co'}
page-ed412e48aa6b899d.js:1 Questions table test successful
page-ed412e48aa6b899d.js:1 Found questions count: 5
page-ed412e48aa6b899d.js:1 Leaderboard table test successful
page-ed412e48aa6b899d.js:1 Attempting to submit score: {nickname: 'PleaseWork', score: 53}
327-b37d113118d64189.js:6 
        
        
       POST https://akgyjgexvmcxnkursrnd.supabase.co/rest/v1/leaderboard?columns=%22nickname%22%2C%22score%22%2C%22created_at%22 400 (Bad Request)
(anonymous) @ 327-b37d113118d64189.js:6
h @ 327-b37d113118d64189.js:6
r @ 327-b37d113118d64189.js:6
Promise.then
i @ 327-b37d113118d64189.js:6
(anonymous) @ 327-b37d113118d64189.js:6
(anonymous) @ 327-b37d113118d64189.js:6
then @ 327-b37d113118d64189.js:1
117-6d7ba87922afbd21.js:1 Error submitting score: {message: 'null value in column "user_id" of relation "leaderboard" violates not-null constraint', details: 'Failing row contains (56, PleaseWork, null, 53, 2024-11-05 10:31:54.962).', hint: null, code: '23502'}
push.2304.window.console.error @ 117-6d7ba87922afbd21.js:1
T @ page-ed412e48aa6b899d.js:1
await in T
Q @ page-ed412e48aa6b899d.js:1
onClick @ page-ed412e48aa6b899d.js:1
a_ @ fd9d1056-13baa9b2029d31fe.js:1
aR @ fd9d1056-13baa9b2029d31fe.js:1
(anonymous) @ fd9d1056-13baa9b2029d31fe.js:1
sF @ fd9d1056-13baa9b2029d31fe.js:1
sM @ fd9d1056-13baa9b2029d31fe.js:1
(anonymous) @ fd9d1056-13baa9b2029d31fe.js:1
o4 @ fd9d1056-13baa9b2029d31fe.js:1
iV @ fd9d1056-13baa9b2029d31fe.js:1
sU @ fd9d1056-13baa9b2029d31fe.js:1
uR @ fd9d1056-13baa9b2029d31fe.js:1
uM @ fd9d1056-13baa9b2029d31fe.js:1
117-6d7ba87922afbd21.js:1 Unexpected error in submitScore: {code: '23502', details: 'Failing row contains (56, PleaseWork, null, 53, 2024-11-05 10:31:54.962).', hint: null, message: 'null value in column "user_id" of relation "leaderboard" violates not-null constraint'}
push.2304.window.console.error @ 117-6d7ba87922afbd21.js:1
T @ page-ed412e48aa6b899d.js:1
await in T
Q @ page-ed412e48aa6b899d.js:1
onClick @ page-ed412e48aa6b899d.js:1
a_ @ fd9d1056-13baa9b2029d31fe.js:1
aR @ fd9d1056-13baa9b2029d31fe.js:1
(anonymous) @ fd9d1056-13baa9b2029d31fe.js:1
sF @ fd9d1056-13baa9b2029d31fe.js:1
sM @ fd9d1056-13baa9b2029d31fe.js:1
(anonymous) @ fd9d1056-13baa9b2029d31fe.js:1
o4 @ fd9d1056-13baa9b2029d31fe.js:1
iV @ fd9d1056-13baa9b2029d31fe.js:1
sU @ fd9d1056-13baa9b2029d31fe.js:1
uR @ fd9d1056-13baa9b2029d31fe.js:1
uM @ fd9d1056-13baa9b2029d31fe.js:1
117-6d7ba87922afbd21.js:1 Error in handleFinish: {code: '23502', details: 'Failing row contains (56, PleaseWork, null, 53, 2024-11-05 10:31:54.962).', hint: null, message: 'null value in column "user_id" of relation "leaderboard" violates not-null constraint'}
push.2304.window.console.error @ 117-6d7ba87922afbd21.js:1
Q @ page-ed412e48aa6b899d.js:1
await in Q
onClick @ page-ed412e48aa6b899d.js:1
a_ @ fd9d1056-13baa9b2029d31fe.js:1
aR @ fd9d1056-13baa9b2029d31fe.js:1
(anonymous) @ fd9d1056-13baa9b2029d31fe.js:1
sF @ fd9d1056-13baa9b2029d31fe.js:1
sM @ fd9d1056-13baa9b2029d31fe.js:1
(anonymous) @ fd9d1056-13baa9b2029d31fe.js:1
o4 @ fd9d1056-13baa9b2029d31fe.js:1
iV @ fd9d1056-13baa9b2029d31fe.js:1
sU @ fd9d1056-13baa9b2029d31fe.js:1
uR @ fd9d1056-13baa9b2029d31fe.js:1
uM @ fd9d1056-13baa9b2029d31fe.js:1
