page-10590c3c9d61edd0.js:1 Supabase Configuration: {hasUrl: true, hasKey: true, baseUrl: 'https://akgyjgexvmcxnkursrnd.supabase.co'}
page-10590c3c9d61edd0.js:1 Found questions count: 5
page-10590c3c9d61edd0.js:1 Attempting to submit score: {nickname: 'ert', score: 55}
327-b37d113118d64189.js:6 
        
        
       POST https://akgyjgexvmcxnkursrnd.supabase.co/rest/v1/leaderboard?columns=%22nickname%22%2C%22score%22%2C%22user_id%22%2C%22created_at%22 400 (Bad Request)
(anonymous) @ 327-b37d113118d64189.js:6
h @ 327-b37d113118d64189.js:6
r @ 327-b37d113118d64189.js:6
Promise.then
i @ 327-b37d113118d64189.js:6
(anonymous) @ 327-b37d113118d64189.js:6
(anonymous) @ 327-b37d113118d64189.js:6
then @ 327-b37d113118d64189.js:1
117-6d7ba87922afbd21.js:1 Error submitting score: {message: 'invalid input syntax for type uuid: "anon_1730803242306_8anpaueve"', details: null, hint: null, code: '22P02'}
push.2304.window.console.error @ 117-6d7ba87922afbd21.js:1
R @ page-10590c3c9d61edd0.js:1
await in R
_ @ page-10590c3c9d61edd0.js:1
onClick @ page-10590c3c9d61edd0.js:1
a_ @ fd9d1056-13baa9b2029d31fe.js:1
aR @ fd9d1056-13baa9b2029d31fe.js:1
(anonymous) @ fd9d1056-13baa9b2029d31fe.js:1
sF @ fd9d1056-13baa9b2029d31fe.js:1
sM @ fd9d1056-13baa9b2029d31fe.js:1
(anonymous) @ fd9d1056-13baa9b2029d31fe.js:1
o4 @ fd9d1056-13baa9b2029d31fe.js:1
iV @ fd9d1056-13baa9b2029d31fe.js:1
sU @ fd9d1056-13baa9b2029d31fe.js:1
uR @ fd9d1056-13baa9b2029d31fe.js:1
uM @ fd9d1056-13baa9b2029d31fe.js:1
117-6d7ba87922afbd21.js:1 Unexpected error in submitScore: {code: '22P02', details: null, hint: null, message: 'invalid input syntax for type uuid: "anon_1730803242306_8anpaueve"'}
push.2304.window.console.error @ 117-6d7ba87922afbd21.js:1
R @ page-10590c3c9d61edd0.js:1
await in R
_ @ page-10590c3c9d61edd0.js:1
onClick @ page-10590c3c9d61edd0.js:1
a_ @ fd9d1056-13baa9b2029d31fe.js:1
aR @ fd9d1056-13baa9b2029d31fe.js:1
(anonymous) @ fd9d1056-13baa9b2029d31fe.js:1
sF @ fd9d1056-13baa9b2029d31fe.js:1
sM @ fd9d1056-13baa9b2029d31fe.js:1
(anonymous) @ fd9d1056-13baa9b2029d31fe.js:1
o4 @ fd9d1056-13baa9b2029d31fe.js:1
iV @ fd9d1056-13baa9b2029d31fe.js:1
sU @ fd9d1056-13baa9b2029d31fe.js:1
uR @ fd9d1056-13baa9b2029d31fe.js:1
uM @ fd9d1056-13baa9b2029d31fe.js:1
117-6d7ba87922afbd21.js:1 Error in handleFinish: {code: '22P02', details: null, hint: null, message: 'invalid input syntax for type uuid: "anon_1730803242306_8anpaueve"'}
push.2304.window.console.error @ 117-6d7ba87922afbd21.js:1
_ @ page-10590c3c9d61edd0.js:1
await in _
onClick @ page-10590c3c9d61edd0.js:1
a_ @ fd9d1056-13baa9b2029d31fe.js:1
aR @ fd9d1056-13baa9b2029d31fe.js:1
(anonymous) @ fd9d1056-13baa9b2029d31fe.js:1
sF @ fd9d1056-13baa9b2029d31fe.js:1
sM @ fd9d1056-13baa9b2029d31fe.js:1
(anonymous) @ fd9d1056-13baa9b2029d31fe.js:1
o4 @ fd9d1056-13baa9b2029d31fe.js:1
iV @ fd9d1056-13baa9b2029d31fe.js:1
sU @ fd9d1056-13baa9b2029d31fe.js:1
uR @ fd9d1056-13baa9b2029d31fe.js:1
uM @ fd9d1056-13baa9b2029d31fe.js:1
